# JRE version: Java(TM) SE Runtime Environment (17.0.6+9) (build 17.0.6+9-LTS-190)
# Java VM: Java HotSpot(TM) 64-Bit Server VM (17.0.6+9-LTS-190, mixed mode, sharing, tiered, compressed oops, compressed class ptrs, g1 gc, windows-amd64)
GC Precious Log:
 CPUs: 8 total, 8 available
 Memory: 8074M
 Large Page Support: Disabled
 NUMA Support: Disabled
 Compressed Oops: Enabled (32-bit)
 Heap Region Size: 1M
 Heap Min Capacity: 8M
 Heap Initial Capacity: 128M
 Heap Max Capacity: 2G
 Pre-touch: Disabled
 Parallel Workers: 8
 Concurrent Workers: 2
 Concurrent Refinement Workers: 8
 Periodic GC: Disabled
Heap:
 garbage-first heap   total 142336K, used 86246K [0x0000000080000000, 0x0000000100000000)
  region size 1024K, 3 young (3072K), 3 survivors (3072K)
 Metaspace       used 58122K, committed 58816K, reserved 1105920K
  class space    used 7943K, committed 8320K, reserved 1048576K
GC Heap History (20 events):
Event: 12.710 GC heap after
{Heap after GC invocations=6 (full 0):
 garbage-first heap   total 130048K, used 42896K [0x0000000080000000, 0x0000000100000000)
  region size 1024K, 6 young (6144K), 6 survivors (6144K)
 Metaspace       used 31317K, committed 31808K, reserved 1081344K
  class space    used 4451K, committed 4672K, reserved 1048576K
}
Event: 17.149 GC heap before
{Heap before GC invocations=6 (full 0):
 garbage-first heap   total 130048K, used 101264K [0x0000000080000000, 0x0000000100000000)
  region size 1024K, 55 young (56320K), 6 survivors (6144K)
 Metaspace       used 35656K, committed 36096K, reserved 1081344K
  class space    used 4980K, committed 5184K, reserved 1048576K
}
Event: 17.161 GC heap after
{Heap after GC invocations=7 (full 0):
 garbage-first heap   total 130048K, used 54717K [0x0000000080000000, 0x0000000100000000)
  region size 1024K, 6 young (6144K), 6 survivors (6144K)
 Metaspace       used 35656K, committed 36096K, reserved 1081344K
  class space    used 4980K, committed 5184K, reserved 1048576K
}
Event: 20.029 GC heap before
{Heap before GC invocations=8 (full 0):
 garbage-first heap   total 130048K, used 98749K [0x0000000080000000, 0x0000000100000000)
  region size 1024K, 49 young (50176K), 6 survivors (6144K)
 Metaspace       used 39542K, committed 40192K, reserved 1089536K
  class space    used 5453K, committed 5760K, reserved 1048576K
}
Event: 20.038 GC heap after
{Heap after GC invocations=9 (full 0):
 garbage-first heap   total 130048K, used 58575K [0x0000000080000000, 0x0000000100000000)
  region size 1024K, 4 young (4096K), 4 survivors (4096K)
 Metaspace       used 39542K, committed 40192K, reserved 1089536K
  class space    used 5453K, committed 5760K, reserved 1048576K
}
Event: 21.366 GC heap before
{Heap before GC invocations=9 (full 0):
 garbage-first heap   total 130048K, used 100559K [0x0000000080000000, 0x0000000100000000)
  region size 1024K, 45 young (46080K), 4 survivors (4096K)
 Metaspace       used 44333K, committed 44928K, reserved 1089536K
  class space    used 6240K, committed 6528K, reserved 1048576K
}
Event: 21.376 GC heap after
{Heap after GC invocations=10 (full 0):
 garbage-first heap   total 130048K, used 61038K [0x0000000080000000, 0x0000000100000000)
  region size 1024K, 6 young (6144K), 6 survivors (6144K)
 Metaspace       used 44333K, committed 44928K, reserved 1089536K
  class space    used 6240K, committed 6528K, reserved 1048576K
}
Event: 22.498 GC heap before
{Heap before GC invocations=10 (full 0):
 garbage-first heap   total 130048K, used 96878K [0x0000000080000000, 0x0000000100000000)
  region size 1024K, 40 young (40960K), 6 survivors (6144K)
 Metaspace       used 45361K, committed 45952K, reserved 1089536K
  class space    used 6325K, committed 6592K, reserved 1048576K
}
Event: 22.511 GC heap after
{Heap after GC invocations=11 (full 0):
 garbage-first heap   total 130048K, used 68045K [0x0000000080000000, 0x0000000100000000)
  region size 1024K, 6 young (6144K), 6 survivors (6144K)
 Metaspace       used 45361K, committed 45952K, reserved 1089536K
  class space    used 6325K, committed 6592K, reserved 1048576K
}
Event: 23.280 GC heap before
{Heap before GC invocations=12 (full 0):
 garbage-first heap   total 130048K, used 109005K [0x0000000080000000, 0x0000000100000000)
  region size 1024K, 41 young (41984K), 6 survivors (6144K)
 Metaspace       used 49309K, committed 49920K, reserved 1097728K
  class space    used 6824K, committed 7104K, reserved 1048576K
}
Event: 23.290 GC heap after
{Heap after GC invocations=13 (full 0):
 garbage-first heap   total 130048K, used 79674K [0x0000000080000000, 0x0000000100000000)
  region size 1024K, 6 young (6144K), 6 survivors (6144K)
 Metaspace       used 49309K, committed 49920K, reserved 1097728K
  class space    used 6824K, committed 7104K, reserved 1048576K
}
Event: 23.321 GC heap before
{Heap before GC invocations=13 (full 0):
 garbage-first heap   total 130048K, used 79674K [0x0000000080000000, 0x0000000100000000)
  region size 1024K, 7 young (7168K), 6 survivors (6144K)
 Metaspace       used 49471K, committed 50112K, reserved 1097728K
  class space    used 6841K, committed 7168K, reserved 1048576K
}
Event: 23.324 GC heap after
{Heap after GC invocations=14 (full 0):
 garbage-first heap   total 130048K, used 79902K [0x0000000080000000, 0x0000000100000000)
  region size 1024K, 1 young (1024K), 1 survivors (1024K)
 Metaspace       used 49471K, committed 50112K, reserved 1097728K
  class space    used 6841K, committed 7168K, reserved 1048576K
}
Event: 23.891 GC heap before
{Heap before GC invocations=14 (full 0):
 garbage-first heap   total 130048K, used 106526K [0x0000000080000000, 0x0000000100000000)
  region size 1024K, 27 young (27648K), 1 survivors (1024K)
 Metaspace       used 54089K, committed 54720K, reserved 1097728K
  class space    used 7447K, committed 7744K, reserved 1048576K
}
Event: 23.895 GC heap after
{Heap after GC invocations=15 (full 0):
 garbage-first heap   total 130048K, used 81614K [0x0000000080000000, 0x0000000100000000)
  region size 1024K, 3 young (3072K), 3 survivors (3072K)
 Metaspace       used 54089K, committed 54720K, reserved 1097728K
  class space    used 7447K, committed 7744K, reserved 1048576K
}
Event: 24.342 GC heap before
{Heap before GC invocations=16 (full 0):
 garbage-first heap   total 142336K, used 112334K [0x0000000080000000, 0x0000000100000000)
  region size 1024K, 28 young (28672K), 3 survivors (3072K)
 Metaspace       used 55945K, committed 56640K, reserved 1105920K
  class space    used 7689K, committed 8000K, reserved 1048576K
}
Event: 24.348 GC heap after
{Heap after GC invocations=17 (full 0):
 garbage-first heap   total 142336K, used 84422K [0x0000000080000000, 0x0000000100000000)
  region size 1024K, 4 young (4096K), 4 survivors (4096K)
 Metaspace       used 55945K, committed 56640K, reserved 1105920K
  class space    used 7689K, committed 8000K, reserved 1048576K
}
Event: 24.394 GC heap before
{Heap before GC invocations=17 (full 0):
 garbage-first heap   total 142336K, used 86470K [0x0000000080000000, 0x0000000100000000)
  region size 1024K, 6 young (6144K), 4 survivors (4096K)
 Metaspace       used 56121K, committed 56768K, reserved 1105920K
  class space    used 7710K, committed 8000K, reserved 1048576K
}
Event: 24.398 GC heap after
{Heap after GC invocations=18 (full 0):
 garbage-first heap   total 142336K, used 84480K [0x0000000080000000, 0x0000000100000000)
  region size 1024K, 1 young (1024K), 1 survivors (1024K)
 Metaspace       used 56121K, committed 56768K, reserved 1105920K
  class space    used 7710K, committed 8000K, reserved 1048576K
}
Event: 24.797 GC heap before
{Heap before GC invocations=18 (full 0):
 garbage-first heap   total 142336K, used 110080K [0x0000000080000000, 0x0000000100000000)
  region size 1024K, 27 young (27648K), 1 survivors (1024K)
 Metaspace       used 58122K, committed 58816K, reserved 1105920K
  class space    used 7943K, committed 8320K, reserved 1048576K
}

