# JRE version: Java(TM) SE Runtime Environment (17.0.6+9) (build 17.0.6+9-LTS-190)
# Java VM: Java HotSpot(TM) 64-Bit Server VM (17.0.6+9-LTS-190, mixed mode, sharing, tiered, compressed oops, compressed class ptrs, g1 gc, windows-amd64)
GC Precious Log:
 CPUs: 8 total, 8 available
 Memory: 8074M
 Large Page Support: Disabled
 NUMA Support: Disabled
 Compressed Oops: Enabled (32-bit)
 Heap Region Size: 1M
 Heap Min Capacity: 8M
 Heap Initial Capacity: 128M
 Heap Max Capacity: 2G
 Pre-touch: Disabled
 Parallel Workers: 8
 Concurrent Workers: 2
 Concurrent Refinement Workers: 8
 Periodic GC: Disabled
Heap:
 garbage-first heap   total 162816K, used 95541K [0x0000000080000000, 0x0000000100000000)
  region size 1024K, 4 young (4096K), 4 survivors (4096K)
 Metaspace       used 74292K, committed 75072K, reserved 1114112K
  class space    used 10310K, committed 10688K, reserved 1048576K
GC Heap History (20 events):
Event: 10.778 GC heap after
{Heap after GC invocations=18 (full 0):
 garbage-first heap   total 162816K, used 78999K [0x0000000080000000, 0x0000000100000000)
  region size 1024K, 1 young (1024K), 1 survivors (1024K)
 Metaspace       used 48063K, committed 48640K, reserved 1097728K
  class space    used 6703K, committed 6976K, reserved 1048576K
}
Event: 11.533 GC heap before
{Heap before GC invocations=18 (full 0):
 garbage-first heap   total 162816K, used 110743K [0x0000000080000000, 0x0000000100000000)
  region size 1024K, 32 young (32768K), 1 survivors (1024K)
 Metaspace       used 53062K, committed 53696K, reserved 1097728K
  class space    used 7347K, committed 7616K, reserved 1048576K
}
Event: 11.537 GC heap after
{Heap after GC invocations=19 (full 0):
 garbage-first heap   total 162816K, used 80419K [0x0000000080000000, 0x0000000100000000)
  region size 1024K, 2 young (2048K), 2 survivors (2048K)
 Metaspace       used 53062K, committed 53696K, reserved 1097728K
  class space    used 7347K, committed 7616K, reserved 1048576K
}
Event: 12.159 GC heap before
{Heap before GC invocations=20 (full 0):
 garbage-first heap   total 162816K, used 121379K [0x0000000080000000, 0x0000000100000000)
  region size 1024K, 36 young (36864K), 2 survivors (2048K)
 Metaspace       used 56371K, committed 57024K, reserved 1105920K
  class space    used 7761K, committed 8064K, reserved 1048576K
}
Event: 12.163 GC heap after
{Heap after GC invocations=21 (full 0):
 garbage-first heap   total 162816K, used 84348K [0x0000000080000000, 0x0000000100000000)
  region size 1024K, 5 young (5120K), 5 survivors (5120K)
 Metaspace       used 56371K, committed 57024K, reserved 1105920K
  class space    used 7761K, committed 8064K, reserved 1048576K
}
Event: 12.197 GC heap before
{Heap before GC invocations=21 (full 0):
 garbage-first heap   total 162816K, used 86396K [0x0000000080000000, 0x0000000100000000)
  region size 1024K, 7 young (7168K), 5 survivors (5120K)
 Metaspace       used 56516K, committed 57152K, reserved 1105920K
  class space    used 7780K, committed 8064K, reserved 1048576K
}
Event: 12.202 GC heap after
{Heap after GC invocations=22 (full 0):
 garbage-first heap   total 162816K, used 84713K [0x0000000080000000, 0x0000000100000000)
  region size 1024K, 1 young (1024K), 1 survivors (1024K)
 Metaspace       used 56516K, committed 57152K, reserved 1105920K
  class space    used 7780K, committed 8064K, reserved 1048576K
}
Event: 12.536 GC heap before
{Heap before GC invocations=22 (full 0):
 garbage-first heap   total 162816K, used 105193K [0x0000000080000000, 0x0000000100000000)
  region size 1024K, 22 young (22528K), 1 survivors (1024K)
 Metaspace       used 58103K, committed 58816K, reserved 1105920K
  class space    used 7956K, committed 8320K, reserved 1048576K
}
Event: 12.540 GC heap after
{Heap after GC invocations=23 (full 0):
 garbage-first heap   total 162816K, used 85873K [0x0000000080000000, 0x0000000100000000)
  region size 1024K, 2 young (2048K), 2 survivors (2048K)
 Metaspace       used 58103K, committed 58816K, reserved 1105920K
  class space    used 7956K, committed 8320K, reserved 1048576K
}
Event: 13.373 GC heap before
{Heap before GC invocations=24 (full 0):
 garbage-first heap   total 162816K, used 123761K [0x0000000080000000, 0x0000000100000000)
  region size 1024K, 38 young (38912K), 2 survivors (2048K)
 Metaspace       used 62094K, committed 62848K, reserved 1105920K
  class space    used 8476K, committed 8832K, reserved 1048576K
}
Event: 13.377 GC heap after
{Heap after GC invocations=25 (full 0):
 garbage-first heap   total 162816K, used 87501K [0x0000000080000000, 0x0000000100000000)
  region size 1024K, 4 young (4096K), 4 survivors (4096K)
 Metaspace       used 62094K, committed 62848K, reserved 1105920K
  class space    used 8476K, committed 8832K, reserved 1048576K
}
Event: 13.435 GC heap before
{Heap before GC invocations=25 (full 0):
 garbage-first heap   total 162816K, used 90573K [0x0000000080000000, 0x0000000100000000)
  region size 1024K, 7 young (7168K), 4 survivors (4096K)
 Metaspace       used 62467K, committed 63232K, reserved 1105920K
  class space    used 8537K, committed 8896K, reserved 1048576K
}
Event: 13.440 GC heap after
{Heap after GC invocations=26 (full 0):
 garbage-first heap   total 162816K, used 87825K [0x0000000080000000, 0x0000000100000000)
  region size 1024K, 1 young (1024K), 1 survivors (1024K)
 Metaspace       used 62467K, committed 63232K, reserved 1105920K
  class space    used 8537K, committed 8896K, reserved 1048576K
}
Event: 14.023 GC heap before
{Heap before GC invocations=26 (full 0):
 garbage-first heap   total 162816K, used 124689K [0x0000000080000000, 0x0000000100000000)
  region size 1024K, 38 young (38912K), 1 survivors (1024K)
 Metaspace       used 66079K, committed 66816K, reserved 1114112K
  class space    used 8985K, committed 9344K, reserved 1048576K
}
Event: 14.027 GC heap after
{Heap after GC invocations=27 (full 0):
 garbage-first heap   total 162816K, used 90506K [0x0000000080000000, 0x0000000100000000)
  region size 1024K, 4 young (4096K), 4 survivors (4096K)
 Metaspace       used 66079K, committed 66816K, reserved 1114112K
  class space    used 8985K, committed 9344K, reserved 1048576K
}
Event: 14.777 GC heap before
{Heap before GC invocations=28 (full 0):
 garbage-first heap   total 162816K, used 127370K [0x0000000080000000, 0x0000000100000000)
  region size 1024K, 40 young (40960K), 4 survivors (4096K)
 Metaspace       used 69815K, committed 70528K, reserved 1114112K
  class space    used 9616K, committed 9984K, reserved 1048576K
}
Event: 14.783 GC heap after
{Heap after GC invocations=29 (full 0):
 garbage-first heap   total 162816K, used 92415K [0x0000000080000000, 0x0000000100000000)
  region size 1024K, 2 young (2048K), 2 survivors (2048K)
 Metaspace       used 69815K, committed 70528K, reserved 1114112K
  class space    used 9616K, committed 9984K, reserved 1048576K
}
Event: 14.891 GC heap before
{Heap before GC invocations=29 (full 0):
 garbage-first heap   total 162816K, used 97535K [0x0000000080000000, 0x0000000100000000)
  region size 1024K, 7 young (7168K), 2 survivors (2048K)
 Metaspace       used 70478K, committed 71168K, reserved 1114112K
  class space    used 9776K, committed 10112K, reserved 1048576K
}
Event: 14.896 GC heap after
{Heap after GC invocations=30 (full 0):
 garbage-first heap   total 162816K, used 92646K [0x0000000080000000, 0x0000000100000000)
  region size 1024K, 1 young (1024K), 1 survivors (1024K)
 Metaspace       used 70478K, committed 71168K, reserved 1114112K
  class space    used 9776K, committed 10112K, reserved 1048576K
}
Event: 15.646 GC heap before
{Heap before GC invocations=30 (full 0):
 garbage-first heap   total 162816K, used 130534K [0x0000000080000000, 0x0000000100000000)
  region size 1024K, 38 young (38912K), 1 survivors (1024K)
 Metaspace       used 74292K, committed 75072K, reserved 1114112K
  class space    used 10310K, committed 10688K, reserved 1048576K
}

