# JRE version: Java(TM) SE Runtime Environment (17.0.6+9) (build 17.0.6+9-LTS-190)
# Java VM: Java HotSpot(TM) 64-Bit Server VM (17.0.6+9-LTS-190, mixed mode, sharing, tiered, compressed oops, compressed class ptrs, g1 gc, windows-amd64)
GC Precious Log:
 CPUs: 8 total, 8 available
 Memory: 8074M
 Large Page Support: Disabled
 NUMA Support: Disabled
 Compressed Oops: Enabled (32-bit)
 Heap Region Size: 1M
 Heap Min Capacity: 8M
 Heap Initial Capacity: 128M
 Heap Max Capacity: 2020M
 Pre-touch: Disabled
 Parallel Workers: 8
 Concurrent Workers: 2
 Concurrent Refinement Workers: 8
 Periodic GC: Disabled
Heap:
 garbage-first heap   total 131072K, used 59632K [0x0000000081c00000, 0x0000000100000000)
  region size 1024K, 5 young (5120K), 5 survivors (5120K)
 Metaspace       used 52448K, committed 52800K, reserved 1097728K
  class space    used 6249K, committed 6400K, reserved 1048576K
GC Heap History (20 events):
Event: 4.214 GC heap after
{Heap after GC invocations=10 (full 0):
 garbage-first heap   total 74752K, used 34442K [0x0000000081c00000, 0x0000000100000000)
  region size 1024K, 4 young (4096K), 4 survivors (4096K)
 Metaspace       used 39285K, committed 39552K, reserved 1089536K
  class space    used 4846K, committed 4928K, reserved 1048576K
}
Event: 4.386 GC heap before
{Heap before GC invocations=10 (full 0):
 garbage-first heap   total 74752K, used 56970K [0x0000000081c00000, 0x0000000100000000)
  region size 1024K, 26 young (26624K), 4 survivors (4096K)
 Metaspace       used 39733K, committed 40000K, reserved 1089536K
  class space    used 4898K, committed 4992K, reserved 1048576K
}
Event: 4.396 GC heap after
{Heap after GC invocations=11 (full 0):
 garbage-first heap   total 74752K, used 35937K [0x0000000081c00000, 0x0000000100000000)
  region size 1024K, 2 young (2048K), 2 survivors (2048K)
 Metaspace       used 39733K, committed 40000K, reserved 1089536K
  class space    used 4898K, committed 4992K, reserved 1048576K
}
Event: 4.887 GC heap before
{Heap before GC invocations=11 (full 0):
 garbage-first heap   total 74752K, used 56417K [0x0000000081c00000, 0x0000000100000000)
  region size 1024K, 23 young (23552K), 2 survivors (2048K)
 Metaspace       used 42987K, committed 43200K, reserved 1089536K
  class space    used 5237K, committed 5312K, reserved 1048576K
}
Event: 4.897 GC heap after
{Heap after GC invocations=12 (full 0):
 garbage-first heap   total 74752K, used 38752K [0x0000000081c00000, 0x0000000100000000)
  region size 1024K, 3 young (3072K), 3 survivors (3072K)
 Metaspace       used 42987K, committed 43200K, reserved 1089536K
  class space    used 5237K, committed 5312K, reserved 1048576K
}
Event: 5.530 GC heap before
{Heap before GC invocations=13 (full 0):
 garbage-first heap   total 74752K, used 58208K [0x0000000081c00000, 0x0000000100000000)
  region size 1024K, 22 young (22528K), 3 survivors (3072K)
 Metaspace       used 45889K, committed 46208K, reserved 1097728K
  class space    used 5535K, committed 5696K, reserved 1048576K
}
Event: 5.550 GC heap after
{Heap after GC invocations=14 (full 0):
 garbage-first heap   total 74752K, used 42639K [0x0000000081c00000, 0x0000000100000000)
  region size 1024K, 3 young (3072K), 3 survivors (3072K)
 Metaspace       used 45889K, committed 46208K, reserved 1097728K
  class space    used 5535K, committed 5696K, reserved 1048576K
}
Event: 6.044 GC heap before
{Heap before GC invocations=14 (full 0):
 garbage-first heap   total 74752K, used 57999K [0x0000000081c00000, 0x0000000100000000)
  region size 1024K, 18 young (18432K), 3 survivors (3072K)
 Metaspace       used 46961K, committed 47296K, reserved 1097728K
  class space    used 5594K, committed 5760K, reserved 1048576K
}
Event: 6.057 GC heap after
{Heap after GC invocations=15 (full 0):
 garbage-first heap   total 97280K, used 45920K [0x0000000081c00000, 0x0000000100000000)
  region size 1024K, 3 young (3072K), 3 survivors (3072K)
 Metaspace       used 46961K, committed 47296K, reserved 1097728K
  class space    used 5594K, committed 5760K, reserved 1048576K
}
Event: 6.706 GC heap before
{Heap before GC invocations=16 (full 0):
 garbage-first heap   total 97280K, used 72544K [0x0000000081c00000, 0x0000000100000000)
  region size 1024K, 29 young (29696K), 3 survivors (3072K)
 Metaspace       used 47296K, committed 47616K, reserved 1097728K
  class space    used 5611K, committed 5760K, reserved 1048576K
}
Event: 6.729 GC heap after
{Heap after GC invocations=17 (full 0):
 garbage-first heap   total 97280K, used 50622K [0x0000000081c00000, 0x0000000100000000)
  region size 1024K, 4 young (4096K), 4 survivors (4096K)
 Metaspace       used 47296K, committed 47616K, reserved 1097728K
  class space    used 5611K, committed 5760K, reserved 1048576K
}
Event: 7.102 GC heap before
{Heap before GC invocations=17 (full 0):
 garbage-first heap   total 97280K, used 74174K [0x0000000081c00000, 0x0000000100000000)
  region size 1024K, 27 young (27648K), 4 survivors (4096K)
 Metaspace       used 47592K, committed 47936K, reserved 1097728K
  class space    used 5636K, committed 5824K, reserved 1048576K
}
Event: 7.124 GC heap after
{Heap after GC invocations=18 (full 0):
 garbage-first heap   total 97280K, used 55111K [0x0000000081c00000, 0x0000000100000000)
  region size 1024K, 4 young (4096K), 4 survivors (4096K)
 Metaspace       used 47592K, committed 47936K, reserved 1097728K
  class space    used 5636K, committed 5824K, reserved 1048576K
}
Event: 7.232 GC heap before
{Heap before GC invocations=18 (full 0):
 garbage-first heap   total 117760K, used 75591K [0x0000000081c00000, 0x0000000100000000)
  region size 1024K, 24 young (24576K), 4 survivors (4096K)
 Metaspace       used 47631K, committed 47936K, reserved 1097728K
  class space    used 5636K, committed 5824K, reserved 1048576K
}
Event: 7.241 GC heap after
{Heap after GC invocations=19 (full 0):
 garbage-first heap   total 117760K, used 55674K [0x0000000081c00000, 0x0000000100000000)
  region size 1024K, 1 young (1024K), 1 survivors (1024K)
 Metaspace       used 47631K, committed 47936K, reserved 1097728K
  class space    used 5636K, committed 5824K, reserved 1048576K
}
Event: 7.325 GC heap before
{Heap before GC invocations=20 (full 0):
 garbage-first heap   total 117760K, used 89466K [0x0000000081c00000, 0x0000000100000000)
  region size 1024K, 34 young (34816K), 1 survivors (1024K)
 Metaspace       used 47632K, committed 48000K, reserved 1097728K
  class space    used 5636K, committed 5824K, reserved 1048576K
}
Event: 7.328 GC heap after
{Heap after GC invocations=21 (full 0):
 garbage-first heap   total 117760K, used 55090K [0x0000000081c00000, 0x0000000100000000)
  region size 1024K, 1 young (1024K), 1 survivors (1024K)
 Metaspace       used 47632K, committed 48000K, reserved 1097728K
  class space    used 5636K, committed 5824K, reserved 1048576K
}
Event: 7.427 GC heap before
{Heap before GC invocations=21 (full 0):
 garbage-first heap   total 117760K, used 59186K [0x0000000081c00000, 0x0000000100000000)
  region size 1024K, 5 young (5120K), 1 survivors (1024K)
 Metaspace       used 47906K, committed 48192K, reserved 1097728K
  class space    used 5670K, committed 5824K, reserved 1048576K
}
Event: 7.430 GC heap after
{Heap after GC invocations=22 (full 0):
 garbage-first heap   total 117760K, used 54461K [0x0000000081c00000, 0x0000000100000000)
  region size 1024K, 1 young (1024K), 1 survivors (1024K)
 Metaspace       used 47906K, committed 48192K, reserved 1097728K
  class space    used 5670K, committed 5824K, reserved 1048576K
}
Event: 8.755 GC heap before
{Heap before GC invocations=22 (full 0):
 garbage-first heap   total 117760K, used 90301K [0x0000000081c00000, 0x0000000100000000)
  region size 1024K, 36 young (36864K), 1 survivors (1024K)
 Metaspace       used 52448K, committed 52800K, reserved 1097728K
  class space    used 6249K, committed 6400K, reserved 1048576K
}

