# JRE version: Java(TM) SE Runtime Environment (17.0.6+9) (build 17.0.6+9-LTS-190)
# Java VM: Java HotSpot(TM) 64-Bit Server VM (17.0.6+9-LTS-190, mixed mode, sharing, tiered, compressed oops, compressed class ptrs, g1 gc, windows-amd64)
GC Precious Log:
 CPUs: 8 total, 8 available
 Memory: 8074M
 Large Page Support: Disabled
 NUMA Support: Disabled
 Compressed Oops: Enabled (32-bit)
 Heap Region Size: 1M
 Heap Min Capacity: 8M
 Heap Initial Capacity: 128M
 Heap Max Capacity: 2020M
 Pre-touch: Disabled
 Parallel Workers: 8
 Concurrent Workers: 2
 Concurrent Refinement Workers: 8
 Periodic GC: Disabled
Heap:
 garbage-first heap   total 131072K, used 65113K [0x0000000081c00000, 0x0000000100000000)
  region size 1024K, 3 young (3072K), 3 survivors (3072K)
 Metaspace       used 56628K, committed 56960K, reserved 1105920K
  class space    used 6707K, committed 6848K, reserved 1048576K
GC Heap History (20 events):
Event: 2.823 GC heap after
{Heap after GC invocations=6 (full 0):
 garbage-first heap   total 61440K, used 25444K [0x0000000081c00000, 0x0000000100000000)
  region size 1024K, 1 young (1024K), 1 survivors (1024K)
 Metaspace       used 26019K, committed 26240K, reserved 1073152K
  class space    used 3493K, committed 3584K, reserved 1048576K
}
Event: 3.166 GC heap before
{Heap before GC invocations=6 (full 0):
 garbage-first heap   total 61440K, used 45924K [0x0000000081c00000, 0x0000000100000000)
  region size 1024K, 22 young (22528K), 1 survivors (1024K)
 Metaspace       used 29824K, committed 30016K, reserved 1081344K
  class space    used 3905K, committed 3968K, reserved 1048576K
}
Event: 3.173 GC heap after
{Heap after GC invocations=7 (full 0):
 garbage-first heap   total 122880K, used 25330K [0x0000000081c00000, 0x0000000100000000)
  region size 1024K, 3 young (3072K), 3 survivors (3072K)
 Metaspace       used 29824K, committed 30016K, reserved 1081344K
  class space    used 3905K, committed 3968K, reserved 1048576K
}
Event: 3.725 GC heap before
{Heap before GC invocations=7 (full 0):
 garbage-first heap   total 122880K, used 51954K [0x0000000081c00000, 0x0000000100000000)
  region size 1024K, 30 young (30720K), 3 survivors (3072K)
 Metaspace       used 35882K, committed 36096K, reserved 1081344K
  class space    used 4446K, committed 4544K, reserved 1048576K
}
Event: 3.735 GC heap after
{Heap after GC invocations=8 (full 0):
 garbage-first heap   total 122880K, used 27742K [0x0000000081c00000, 0x0000000100000000)
  region size 1024K, 6 young (6144K), 6 survivors (6144K)
 Metaspace       used 35882K, committed 36096K, reserved 1081344K
  class space    used 4446K, committed 4544K, reserved 1048576K
}
Event: 4.550 GC heap before
{Heap before GC invocations=9 (full 0):
 garbage-first heap   total 99328K, used 84062K [0x0000000081c00000, 0x0000000100000000)
  region size 1024K, 58 young (59392K), 6 survivors (6144K)
 Metaspace       used 40467K, committed 40704K, reserved 1089536K
  class space    used 4983K, committed 5056K, reserved 1048576K
}
Event: 4.567 GC heap after
{Heap after GC invocations=10 (full 0):
 garbage-first heap   total 99328K, used 35639K [0x0000000081c00000, 0x0000000100000000)
  region size 1024K, 8 young (8192K), 8 survivors (8192K)
 Metaspace       used 40467K, committed 40704K, reserved 1089536K
  class space    used 4983K, committed 5056K, reserved 1048576K
}
Event: 5.404 GC heap before
{Heap before GC invocations=10 (full 0):
 garbage-first heap   total 99328K, used 72503K [0x0000000081c00000, 0x0000000100000000)
  region size 1024K, 44 young (45056K), 8 survivors (8192K)
 Metaspace       used 45833K, committed 46144K, reserved 1089536K
  class space    used 5535K, committed 5696K, reserved 1048576K
}
Event: 5.434 GC heap after
{Heap after GC invocations=11 (full 0):
 garbage-first heap   total 99328K, used 41653K [0x0000000081c00000, 0x0000000100000000)
  region size 1024K, 6 young (6144K), 6 survivors (6144K)
 Metaspace       used 45833K, committed 46144K, reserved 1089536K
  class space    used 5535K, committed 5696K, reserved 1048576K
}
Event: 6.288 GC heap before
{Heap before GC invocations=11 (full 0):
 garbage-first heap   total 99328K, used 75445K [0x0000000081c00000, 0x0000000100000000)
  region size 1024K, 39 young (39936K), 6 survivors (6144K)
 Metaspace       used 47274K, committed 47552K, reserved 1097728K
  class space    used 5599K, committed 5760K, reserved 1048576K
}
Event: 6.327 GC heap after
{Heap after GC invocations=12 (full 0):
 garbage-first heap   total 99328K, used 47987K [0x0000000081c00000, 0x0000000100000000)
  region size 1024K, 5 young (5120K), 5 survivors (5120K)
 Metaspace       used 47274K, committed 47552K, reserved 1097728K
  class space    used 5599K, committed 5760K, reserved 1048576K
}
Event: 6.789 GC heap before
{Heap before GC invocations=12 (full 0):
 garbage-first heap   total 99328K, used 76659K [0x0000000081c00000, 0x0000000100000000)
  region size 1024K, 33 young (33792K), 5 survivors (5120K)
 Metaspace       used 47615K, committed 47936K, reserved 1097728K
  class space    used 5620K, committed 5824K, reserved 1048576K
}
Event: 6.816 GC heap after
{Heap after GC invocations=13 (full 0):
 garbage-first heap   total 125952K, used 53619K [0x0000000081c00000, 0x0000000100000000)
  region size 1024K, 5 young (5120K), 5 survivors (5120K)
 Metaspace       used 47615K, committed 47936K, reserved 1097728K
  class space    used 5620K, committed 5824K, reserved 1048576K
}
Event: 6.980 GC heap before
{Heap before GC invocations=13 (full 0):
 garbage-first heap   total 125952K, used 92531K [0x0000000081c00000, 0x0000000100000000)
  region size 1024K, 43 young (44032K), 5 survivors (5120K)
 Metaspace       used 47794K, committed 48128K, reserved 1097728K
  class space    used 5638K, committed 5824K, reserved 1048576K
}
Event: 6.994 GC heap after
{Heap after GC invocations=14 (full 0):
 garbage-first heap   total 125952K, used 55129K [0x0000000081c00000, 0x0000000100000000)
  region size 1024K, 2 young (2048K), 2 survivors (2048K)
 Metaspace       used 47794K, committed 48128K, reserved 1097728K
  class space    used 5638K, committed 5824K, reserved 1048576K
}
Event: 7.541 GC heap before
{Heap before GC invocations=14 (full 0):
 garbage-first heap   total 125952K, used 95065K [0x0000000081c00000, 0x0000000100000000)
  region size 1024K, 41 young (41984K), 2 survivors (2048K)
 Metaspace       used 50164K, committed 50496K, reserved 1097728K
  class space    used 5936K, committed 6080K, reserved 1048576K
}
Event: 7.554 GC heap after
{Heap after GC invocations=15 (full 0):
 garbage-first heap   total 125952K, used 56691K [0x0000000081c00000, 0x0000000100000000)
  region size 1024K, 3 young (3072K), 3 survivors (3072K)
 Metaspace       used 50164K, committed 50496K, reserved 1097728K
  class space    used 5936K, committed 6080K, reserved 1048576K
}
Event: 9.262 GC heap before
{Heap before GC invocations=15 (full 0):
 garbage-first heap   total 125952K, used 97651K [0x0000000081c00000, 0x0000000100000000)
  region size 1024K, 43 young (44032K), 3 survivors (3072K)
 Metaspace       used 55396K, committed 55744K, reserved 1105920K
  class space    used 6608K, committed 6784K, reserved 1048576K
}
Event: 9.287 GC heap after
{Heap after GC invocations=16 (full 0):
 garbage-first heap   total 125952K, used 61916K [0x0000000081c00000, 0x0000000100000000)
  region size 1024K, 6 young (6144K), 6 survivors (6144K)
 Metaspace       used 55396K, committed 55744K, reserved 1105920K
  class space    used 6608K, committed 6784K, reserved 1048576K
}
Event: 9.859 GC heap before
{Heap before GC invocations=16 (full 0):
 garbage-first heap   total 125952K, used 76252K [0x0000000081c00000, 0x0000000100000000)
  region size 1024K, 21 young (21504K), 6 survivors (6144K)
 Metaspace       used 56628K, committed 56960K, reserved 1105920K
  class space    used 6707K, committed 6848K, reserved 1048576K
}

