# JRE version: Java(TM) SE Runtime Environment (17.0.6+9) (build 17.0.6+9-LTS-190)
# Java VM: Java HotSpot(TM) 64-Bit Server VM (17.0.6+9-LTS-190, mixed mode, sharing, tiered, compressed oops, compressed class ptrs, g1 gc, windows-amd64)
GC Precious Log:
 CPUs: 8 total, 8 available
 Memory: 8074M
 Large Page Support: Disabled
 NUMA Support: Disabled
 Compressed Oops: Enabled (32-bit)
 Heap Region Size: 1M
 Heap Min Capacity: 8M
 Heap Initial Capacity: 128M
 Heap Max Capacity: 2G
 Pre-touch: Disabled
 Parallel Workers: 8
 Concurrent Workers: 2
 Concurrent Refinement Workers: 8
 Periodic GC: Disabled
Heap:
 garbage-first heap   total 208896K, used 141701K [0x0000000080000000, 0x0000000100000000)
  region size 1024K, 8 young (8192K), 3 survivors (3072K)
 Metaspace       used 85236K, committed 86016K, reserved 1130496K
  class space    used 11807K, committed 12160K, reserved 1048576K
GC Heap History (20 events):
Event: 21.071 GC heap before
{Heap before GC invocations=27 (full 0):
 garbage-first heap   total 142336K, used 86319K [0x0000000080000000, 0x0000000100000000)
  region size 1024K, 7 young (7168K), 2 survivors (2048K)
 Metaspace       used 59922K, committed 60608K, reserved 1105920K
  class space    used 8183K, committed 8512K, reserved 1048576K
}
Event: 21.075 GC heap after
{Heap after GC invocations=28 (full 0):
 garbage-first heap   total 142336K, used 83425K [0x0000000080000000, 0x0000000100000000)
  region size 1024K, 3 young (3072K), 3 survivors (3072K)
 Metaspace       used 59922K, committed 60608K, reserved 1105920K
  class space    used 8183K, committed 8512K, reserved 1048576K
}
Event: 21.398 GC heap before
{Heap before GC invocations=29 (full 0):
 garbage-first heap   total 171008K, used 112097K [0x0000000080000000, 0x0000000100000000)
  region size 1024K, 25 young (25600K), 3 survivors (3072K)
 Metaspace       used 61164K, committed 61888K, reserved 1105920K
  class space    used 8352K, committed 8704K, reserved 1048576K
}
Event: 21.404 GC heap after
{Heap after GC invocations=30 (full 0):
 garbage-first heap   total 171008K, used 85639K [0x0000000080000000, 0x0000000100000000)
  region size 1024K, 4 young (4096K), 4 survivors (4096K)
 Metaspace       used 61164K, committed 61888K, reserved 1105920K
  class space    used 8352K, committed 8704K, reserved 1048576K
}
Event: 21.882 GC heap before
{Heap before GC invocations=30 (full 0):
 garbage-first heap   total 171008K, used 113287K [0x0000000080000000, 0x0000000100000000)
  region size 1024K, 32 young (32768K), 4 survivors (4096K)
 Metaspace       used 63401K, committed 64128K, reserved 1105920K
  class space    used 8615K, committed 8960K, reserved 1048576K
}
Event: 21.887 GC heap after
{Heap after GC invocations=31 (full 0):
 garbage-first heap   total 171008K, used 88150K [0x0000000080000000, 0x0000000100000000)
  region size 1024K, 3 young (3072K), 3 survivors (3072K)
 Metaspace       used 63401K, committed 64128K, reserved 1105920K
  class space    used 8615K, committed 8960K, reserved 1048576K
}
Event: 22.681 GC heap before
{Heap before GC invocations=32 (full 0):
 garbage-first heap   total 171008K, used 127062K [0x0000000080000000, 0x0000000100000000)
  region size 1024K, 40 young (40960K), 3 survivors (3072K)
 Metaspace       used 67488K, committed 68224K, reserved 1114112K
  class space    used 9144K, committed 9472K, reserved 1048576K
}
Event: 22.686 GC heap after
{Heap after GC invocations=33 (full 0):
 garbage-first heap   total 171008K, used 89784K [0x0000000080000000, 0x0000000100000000)
  region size 1024K, 5 young (5120K), 5 survivors (5120K)
 Metaspace       used 67488K, committed 68224K, reserved 1114112K
  class space    used 9144K, committed 9472K, reserved 1048576K
}
Event: 23.251 GC heap before
{Heap before GC invocations=33 (full 0):
 garbage-first heap   total 171008K, used 127672K [0x0000000080000000, 0x0000000100000000)
  region size 1024K, 43 young (44032K), 5 survivors (5120K)
 Metaspace       used 71372K, committed 72064K, reserved 1114112K
  class space    used 9641K, committed 9984K, reserved 1048576K
}
Event: 23.258 GC heap after
{Heap after GC invocations=34 (full 0):
 garbage-first heap   total 171008K, used 92994K [0x0000000080000000, 0x0000000100000000)
  region size 1024K, 6 young (6144K), 6 survivors (6144K)
 Metaspace       used 71372K, committed 72064K, reserved 1114112K
  class space    used 9641K, committed 9984K, reserved 1048576K
}
Event: 24.035 GC heap before
{Heap before GC invocations=35 (full 0):
 garbage-first heap   total 171008K, used 131906K [0x0000000080000000, 0x0000000100000000)
  region size 1024K, 44 young (45056K), 6 survivors (6144K)
 Metaspace       used 75205K, committed 75968K, reserved 1122304K
  class space    used 10295K, committed 10688K, reserved 1048576K
}
Event: 24.043 GC heap after
{Heap after GC invocations=36 (full 0):
 garbage-first heap   total 171008K, used 95301K [0x0000000080000000, 0x0000000100000000)
  region size 1024K, 3 young (3072K), 3 survivors (3072K)
 Metaspace       used 75205K, committed 75968K, reserved 1122304K
  class space    used 10295K, committed 10688K, reserved 1048576K
}
Event: 24.785 GC heap before
{Heap before GC invocations=36 (full 0):
 garbage-first heap   total 171008K, used 135237K [0x0000000080000000, 0x0000000100000000)
  region size 1024K, 42 young (43008K), 3 survivors (3072K)
 Metaspace       used 79334K, committed 80064K, reserved 1122304K
  class space    used 10935K, committed 11264K, reserved 1048576K
}
Event: 24.793 GC heap after
{Heap after GC invocations=37 (full 0):
 garbage-first heap   total 171008K, used 98158K [0x0000000080000000, 0x0000000100000000)
  region size 1024K, 6 young (6144K), 6 survivors (6144K)
 Metaspace       used 79334K, committed 80064K, reserved 1122304K
  class space    used 10935K, committed 11264K, reserved 1048576K
}
Event: 25.001 GC heap before
{Heap before GC invocations=38 (full 0):
 garbage-first heap   total 171008K, used 103278K [0x0000000080000000, 0x0000000100000000)
  region size 1024K, 12 young (12288K), 6 survivors (6144K)
 Metaspace       used 80199K, committed 80960K, reserved 1122304K
  class space    used 11042K, committed 11392K, reserved 1048576K
}
Event: 25.007 GC heap after
{Heap after GC invocations=39 (full 0):
 garbage-first heap   total 171008K, used 98785K [0x0000000080000000, 0x0000000100000000)
  region size 1024K, 2 young (2048K), 2 survivors (2048K)
 Metaspace       used 80199K, committed 80960K, reserved 1122304K
  class space    used 11042K, committed 11392K, reserved 1048576K
}
Event: 25.823 GC heap before
{Heap before GC invocations=40 (full 0):
 garbage-first heap   total 208896K, used 164321K [0x0000000080000000, 0x0000000100000000)
  region size 1024K, 38 young (38912K), 2 survivors (2048K)
 Metaspace       used 83230K, committed 84032K, reserved 1122304K
  class space    used 11475K, committed 11840K, reserved 1048576K
}
Event: 25.832 GC heap after
{Heap after GC invocations=41 (full 0):
 garbage-first heap   total 208896K, used 135184K [0x0000000080000000, 0x0000000100000000)
  region size 1024K, 5 young (5120K), 5 survivors (5120K)
 Metaspace       used 83230K, committed 84032K, reserved 1122304K
  class space    used 11475K, committed 11840K, reserved 1048576K
}
Event: 26.247 GC heap before
{Heap before GC invocations=41 (full 0):
 garbage-first heap   total 208896K, used 170000K [0x0000000080000000, 0x0000000100000000)
  region size 1024K, 39 young (39936K), 5 survivors (5120K)
 Metaspace       used 84965K, committed 85824K, reserved 1130496K
  class space    used 11761K, committed 12160K, reserved 1048576K
}
Event: 26.253 GC heap after
{Heap after GC invocations=42 (full 0):
 garbage-first heap   total 208896K, used 137605K [0x0000000080000000, 0x0000000100000000)
  region size 1024K, 3 young (3072K), 3 survivors (3072K)
 Metaspace       used 84965K, committed 85824K, reserved 1130496K
  class space    used 11761K, committed 12160K, reserved 1048576K
}

