# JRE version: Java(TM) SE Runtime Environment (17.0.6+9) (build 17.0.6+9-LTS-190)
# Java VM: Java HotSpot(TM) 64-Bit Server VM (17.0.6+9-LTS-190, mixed mode, sharing, tiered, compressed oops, compressed class ptrs, g1 gc, windows-amd64)
GC Precious Log:
 CPUs: 8 total, 8 available
 Memory: 8074M
 Large Page Support: Disabled
 NUMA Support: Disabled
 Compressed Oops: Enabled (32-bit)
 Heap Region Size: 1M
 Heap Min Capacity: 8M
 Heap Initial Capacity: 128M
 Heap Max Capacity: 2G
 Pre-touch: Disabled
 Parallel Workers: 8
 Concurrent Workers: 2
 Concurrent Refinement Workers: 8
 Periodic GC: Disabled
Heap:
 garbage-first heap   total 299008K, used 217337K [0x0000000080000000, 0x0000000100000000)
  region size 1024K, 21 young (21504K), 5 survivors (5120K)
 Metaspace       used 99181K, committed 100096K, reserved 1138688K
  class space    used 13379K, committed 13824K, reserved 1048576K
GC Heap History (20 events):
Event: 70.280 GC heap before
{Heap before GC invocations=43 (full 0):
 garbage-first heap   total 278528K, used 222771K [0x0000000080000000, 0x0000000100000000)
  region size 1024K, 59 young (60416K), 2 survivors (2048K)
 Metaspace       used 85889K, committed 86784K, reserved 1130496K
  class space    used 11933K, committed 12352K, reserved 1048576K
}
Event: 70.285 GC heap after
{Heap after GC invocations=44 (full 0):
 garbage-first heap   total 278528K, used 167366K [0x0000000080000000, 0x0000000100000000)
  region size 1024K, 5 young (5120K), 5 survivors (5120K)
 Metaspace       used 85889K, committed 86784K, reserved 1130496K
  class space    used 11933K, committed 12352K, reserved 1048576K
}
Event: 105.203 GC heap before
{Heap before GC invocations=44 (full 0):
 garbage-first heap   total 278528K, used 225734K [0x0000000080000000, 0x0000000100000000)
  region size 1024K, 62 young (63488K), 5 survivors (5120K)
 Metaspace       used 85899K, committed 86784K, reserved 1130496K
  class space    used 11935K, committed 12352K, reserved 1048576K
}
Event: 105.208 GC heap after
{Heap after GC invocations=45 (full 0):
 garbage-first heap   total 278528K, used 169937K [0x0000000080000000, 0x0000000100000000)
  region size 1024K, 7 young (7168K), 7 survivors (7168K)
 Metaspace       used 85899K, committed 86784K, reserved 1130496K
  class space    used 11935K, committed 12352K, reserved 1048576K
}
Event: 106.226 GC heap before
{Heap before GC invocations=45 (full 0):
 garbage-first heap   total 278528K, used 228305K [0x0000000080000000, 0x0000000100000000)
  region size 1024K, 64 young (65536K), 7 survivors (7168K)
 Metaspace       used 85899K, committed 86784K, reserved 1130496K
  class space    used 11935K, committed 12352K, reserved 1048576K
}
Event: 106.232 GC heap after
{Heap after GC invocations=46 (full 0):
 garbage-first heap   total 278528K, used 172342K [0x0000000080000000, 0x0000000100000000)
  region size 1024K, 5 young (5120K), 5 survivors (5120K)
 Metaspace       used 85899K, committed 86784K, reserved 1130496K
  class space    used 11935K, committed 12352K, reserved 1048576K
}
Event: 107.664 GC heap before
{Heap before GC invocations=46 (full 0):
 garbage-first heap   total 278528K, used 230710K [0x0000000080000000, 0x0000000100000000)
  region size 1024K, 62 young (63488K), 5 survivors (5120K)
 Metaspace       used 85899K, committed 86784K, reserved 1130496K
  class space    used 11935K, committed 12352K, reserved 1048576K
}
Event: 107.670 GC heap after
{Heap after GC invocations=47 (full 0):
 garbage-first heap   total 278528K, used 174525K [0x0000000080000000, 0x0000000100000000)
  region size 1024K, 7 young (7168K), 7 survivors (7168K)
 Metaspace       used 85899K, committed 86784K, reserved 1130496K
  class space    used 11935K, committed 12352K, reserved 1048576K
}
Event: 109.093 GC heap before
{Heap before GC invocations=48 (full 0):
 garbage-first heap   total 299008K, used 247229K [0x0000000080000000, 0x0000000100000000)
  region size 1024K, 62 young (63488K), 7 survivors (7168K)
 Metaspace       used 88776K, committed 89664K, reserved 1130496K
  class space    used 12212K, committed 12608K, reserved 1048576K
}
Event: 109.105 GC heap after
{Heap after GC invocations=49 (full 0):
 garbage-first heap   total 299008K, used 182357K [0x0000000080000000, 0x0000000100000000)
  region size 1024K, 8 young (8192K), 8 survivors (8192K)
 Metaspace       used 88776K, committed 89664K, reserved 1130496K
  class space    used 12212K, committed 12608K, reserved 1048576K
}
Event: 109.258 GC heap before
{Heap before GC invocations=49 (full 0):
 garbage-first heap   total 299008K, used 187477K [0x0000000080000000, 0x0000000100000000)
  region size 1024K, 14 young (14336K), 8 survivors (8192K)
 Metaspace       used 89718K, committed 90560K, reserved 1130496K
  class space    used 12356K, committed 12736K, reserved 1048576K
}
Event: 109.267 GC heap after
{Heap after GC invocations=50 (full 0):
 garbage-first heap   total 299008K, used 183245K [0x0000000080000000, 0x0000000100000000)
  region size 1024K, 2 young (2048K), 2 survivors (2048K)
 Metaspace       used 89718K, committed 90560K, reserved 1130496K
  class space    used 12356K, committed 12736K, reserved 1048576K
}
Event: 110.909 GC heap before
{Heap before GC invocations=50 (full 0):
 garbage-first heap   total 299008K, used 243661K [0x0000000080000000, 0x0000000100000000)
  region size 1024K, 62 young (63488K), 2 survivors (2048K)
 Metaspace       used 96449K, committed 97344K, reserved 1138688K
  class space    used 13104K, committed 13504K, reserved 1048576K
}
Event: 110.916 GC heap after
{Heap after GC invocations=51 (full 0):
 garbage-first heap   total 299008K, used 188661K [0x0000000080000000, 0x0000000100000000)
  region size 1024K, 7 young (7168K), 7 survivors (7168K)
 Metaspace       used 96449K, committed 97344K, reserved 1138688K
  class space    used 13104K, committed 13504K, reserved 1048576K
}
Event: 111.556 GC heap before
{Heap before GC invocations=51 (full 0):
 garbage-first heap   total 299008K, used 246005K [0x0000000080000000, 0x0000000100000000)
  region size 1024K, 64 young (65536K), 7 survivors (7168K)
 Metaspace       used 96972K, committed 97792K, reserved 1138688K
  class space    used 13139K, committed 13568K, reserved 1048576K
}
Event: 111.566 GC heap after
{Heap after GC invocations=52 (full 0):
 garbage-first heap   total 299008K, used 194061K [0x0000000080000000, 0x0000000100000000)
  region size 1024K, 6 young (6144K), 6 survivors (6144K)
 Metaspace       used 96972K, committed 97792K, reserved 1138688K
  class space    used 13139K, committed 13568K, reserved 1048576K
}
Event: 112.134 GC heap before
{Heap before GC invocations=52 (full 0):
 garbage-first heap   total 299008K, used 248333K [0x0000000080000000, 0x0000000100000000)
  region size 1024K, 60 young (61440K), 6 survivors (6144K)
 Metaspace       used 97893K, committed 98816K, reserved 1138688K
  class space    used 13221K, committed 13632K, reserved 1048576K
}
Event: 112.143 GC heap after
{Heap after GC invocations=53 (full 0):
 garbage-first heap   total 299008K, used 199162K [0x0000000080000000, 0x0000000100000000)
  region size 1024K, 7 young (7168K), 7 survivors (7168K)
 Metaspace       used 97893K, committed 98816K, reserved 1138688K
  class space    used 13221K, committed 13632K, reserved 1048576K
}
Event: 112.480 GC heap before
{Heap before GC invocations=53 (full 0):
 garbage-first heap   total 299008K, used 248314K [0x0000000080000000, 0x0000000100000000)
  region size 1024K, 56 young (57344K), 7 survivors (7168K)
 Metaspace       used 98356K, committed 99264K, reserved 1138688K
  class space    used 13276K, committed 13696K, reserved 1048576K
}
Event: 112.489 GC heap after
{Heap after GC invocations=54 (full 0):
 garbage-first heap   total 299008K, used 203001K [0x0000000080000000, 0x0000000100000000)
  region size 1024K, 5 young (5120K), 5 survivors (5120K)
 Metaspace       used 98356K, committed 99264K, reserved 1138688K
  class space    used 13276K, committed 13696K, reserved 1048576K
}

