# JRE version: Java(TM) SE Runtime Environment (17.0.6+9) (build 17.0.6+9-LTS-190)
# Java VM: Java HotSpot(TM) 64-Bit Server VM (17.0.6+9-LTS-190, mixed mode, sharing, tiered, compressed oops, compressed class ptrs, g1 gc, windows-amd64)
GC Precious Log:
 CPUs: 8 total, 8 available
 Memory: 8074M
 Large Page Support: Disabled
 NUMA Support: Disabled
 Compressed Oops: Enabled (32-bit)
 Heap Region Size: 1M
 Heap Min Capacity: 8M
 Heap Initial Capacity: 128M
 Heap Max Capacity: 2G
 Pre-touch: Disabled
 Parallel Workers: 8
 Concurrent Workers: 2
 Concurrent Refinement Workers: 8
 Periodic GC: Disabled
Heap:
 garbage-first heap   total 168960K, used 96822K [0x0000000080000000, 0x0000000100000000)
  region size 1024K, 4 young (4096K), 4 survivors (4096K)
 Metaspace       used 73887K, committed 74624K, reserved 1114112K
  class space    used 10267K, committed 10624K, reserved 1048576K
GC Heap History (20 events):
Event: 10.114 GC heap after
{Heap after GC invocations=15 (full 0):
 garbage-first heap   total 140288K, used 79904K [0x0000000080000000, 0x0000000100000000)
  region size 1024K, 3 young (3072K), 3 survivors (3072K)
 Metaspace       used 47735K, committed 48384K, reserved 1097728K
  class space    used 6663K, committed 6976K, reserved 1048576K
}
Event: 10.514 GC heap before
{Heap before GC invocations=15 (full 0):
 garbage-first heap   total 140288K, used 102432K [0x0000000080000000, 0x0000000100000000)
  region size 1024K, 25 young (25600K), 3 survivors (3072K)
 Metaspace       used 50886K, committed 51520K, reserved 1097728K
  class space    used 7052K, committed 7360K, reserved 1048576K
}
Event: 10.517 GC heap after
{Heap after GC invocations=16 (full 0):
 garbage-first heap   total 140288K, used 80451K [0x0000000080000000, 0x0000000100000000)
  region size 1024K, 3 young (3072K), 3 survivors (3072K)
 Metaspace       used 50886K, committed 51520K, reserved 1097728K
  class space    used 7052K, committed 7360K, reserved 1048576K
}
Event: 11.005 GC heap before
{Heap before GC invocations=17 (full 0):
 garbage-first heap   total 140288K, used 108099K [0x0000000080000000, 0x0000000100000000)
  region size 1024K, 27 young (27648K), 3 survivors (3072K)
 Metaspace       used 54478K, committed 55168K, reserved 1097728K
  class space    used 7515K, committed 7808K, reserved 1048576K
}
Event: 11.011 GC heap after
{Heap after GC invocations=18 (full 0):
 garbage-first heap   total 168960K, used 88601K [0x0000000080000000, 0x0000000100000000)
  region size 1024K, 4 young (4096K), 4 survivors (4096K)
 Metaspace       used 54478K, committed 55168K, reserved 1097728K
  class space    used 7515K, committed 7808K, reserved 1048576K
}
Event: 11.049 GC heap before
{Heap before GC invocations=18 (full 0):
 garbage-first heap   total 168960K, used 94745K [0x0000000080000000, 0x0000000100000000)
  region size 1024K, 8 young (8192K), 4 survivors (4096K)
 Metaspace       used 54484K, committed 55168K, reserved 1097728K
  class space    used 7515K, committed 7808K, reserved 1048576K
}
Event: 11.054 GC heap after
{Heap after GC invocations=19 (full 0):
 garbage-first heap   total 168960K, used 89697K [0x0000000080000000, 0x0000000100000000)
  region size 1024K, 1 young (1024K), 1 survivors (1024K)
 Metaspace       used 54484K, committed 55168K, reserved 1097728K
  class space    used 7515K, committed 7808K, reserved 1048576K
}
Event: 11.691 GC heap before
{Heap before GC invocations=19 (full 0):
 garbage-first heap   total 168960K, used 123489K [0x0000000080000000, 0x0000000100000000)
  region size 1024K, 34 young (34816K), 1 survivors (1024K)
 Metaspace       used 57371K, committed 58048K, reserved 1105920K
  class space    used 7886K, committed 8192K, reserved 1048576K
}
Event: 11.695 GC heap after
{Heap after GC invocations=20 (full 0):
 garbage-first heap   total 168960K, used 91564K [0x0000000080000000, 0x0000000100000000)
  region size 1024K, 3 young (3072K), 3 survivors (3072K)
 Metaspace       used 57371K, committed 58048K, reserved 1105920K
  class space    used 7886K, committed 8192K, reserved 1048576K
}
Event: 12.349 GC heap before
{Heap before GC invocations=21 (full 0):
 garbage-first heap   total 168960K, used 124332K [0x0000000080000000, 0x0000000100000000)
  region size 1024K, 37 young (37888K), 3 survivors (3072K)
 Metaspace       used 61021K, committed 61760K, reserved 1105920K
  class space    used 8353K, committed 8704K, reserved 1048576K
}
Event: 12.355 GC heap after
{Heap after GC invocations=22 (full 0):
 garbage-first heap   total 168960K, used 89414K [0x0000000080000000, 0x0000000100000000)
  region size 1024K, 5 young (5120K), 5 survivors (5120K)
 Metaspace       used 61021K, committed 61760K, reserved 1105920K
  class space    used 8353K, committed 8704K, reserved 1048576K
}
Event: 12.408 GC heap before
{Heap before GC invocations=22 (full 0):
 garbage-first heap   total 168960K, used 91462K [0x0000000080000000, 0x0000000100000000)
  region size 1024K, 8 young (8192K), 5 survivors (5120K)
 Metaspace       used 61453K, committed 62144K, reserved 1105920K
  class space    used 8391K, committed 8704K, reserved 1048576K
}
Event: 12.413 GC heap after
{Heap after GC invocations=23 (full 0):
 garbage-first heap   total 168960K, used 89386K [0x0000000080000000, 0x0000000100000000)
  region size 1024K, 1 young (1024K), 1 survivors (1024K)
 Metaspace       used 61453K, committed 62144K, reserved 1105920K
  class space    used 8391K, committed 8704K, reserved 1048576K
}
Event: 13.040 GC heap before
{Heap before GC invocations=23 (full 0):
 garbage-first heap   total 168960K, used 128298K [0x0000000080000000, 0x0000000100000000)
  region size 1024K, 39 young (39936K), 1 survivors (1024K)
 Metaspace       used 65971K, committed 66688K, reserved 1114112K
  class space    used 8978K, committed 9344K, reserved 1048576K
}
Event: 13.047 GC heap after
{Heap after GC invocations=24 (full 0):
 garbage-first heap   total 168960K, used 92057K [0x0000000080000000, 0x0000000100000000)
  region size 1024K, 4 young (4096K), 4 survivors (4096K)
 Metaspace       used 65971K, committed 66688K, reserved 1114112K
  class space    used 8978K, committed 9344K, reserved 1048576K
}
Event: 13.754 GC heap before
{Heap before GC invocations=25 (full 0):
 garbage-first heap   total 168960K, used 130969K [0x0000000080000000, 0x0000000100000000)
  region size 1024K, 42 young (43008K), 4 survivors (4096K)
 Metaspace       used 68904K, committed 69696K, reserved 1114112K
  class space    used 9442K, committed 9792K, reserved 1048576K
}
Event: 13.761 GC heap after
{Heap after GC invocations=26 (full 0):
 garbage-first heap   total 168960K, used 94202K [0x0000000080000000, 0x0000000100000000)
  region size 1024K, 3 young (3072K), 3 survivors (3072K)
 Metaspace       used 68904K, committed 69696K, reserved 1114112K
  class space    used 9442K, committed 9792K, reserved 1048576K
}
Event: 13.884 GC heap before
{Heap before GC invocations=26 (full 0):
 garbage-first heap   total 168960K, used 99322K [0x0000000080000000, 0x0000000100000000)
  region size 1024K, 8 young (8192K), 3 survivors (3072K)
 Metaspace       used 69634K, committed 70400K, reserved 1114112K
  class space    used 9588K, committed 9920K, reserved 1048576K
}
Event: 13.888 GC heap after
{Heap after GC invocations=27 (full 0):
 garbage-first heap   total 168960K, used 94134K [0x0000000080000000, 0x0000000100000000)
  region size 1024K, 1 young (1024K), 1 survivors (1024K)
 Metaspace       used 69634K, committed 70400K, reserved 1114112K
  class space    used 9588K, committed 9920K, reserved 1048576K
}
Event: 14.554 GC heap before
{Heap before GC invocations=27 (full 0):
 garbage-first heap   total 168960K, used 134070K [0x0000000080000000, 0x0000000100000000)
  region size 1024K, 40 young (40960K), 1 survivors (1024K)
 Metaspace       used 73887K, committed 74624K, reserved 1114112K
  class space    used 10267K, committed 10624K, reserved 1048576K
}

