# JRE version: Java(TM) SE Runtime Environment (17.0.6+9) (build 17.0.6+9-LTS-190)
# Java VM: Java HotSpot(TM) 64-Bit Server VM (17.0.6+9-LTS-190, mixed mode, sharing, tiered, compressed oops, compressed class ptrs, g1 gc, windows-amd64)
GC Precious Log:
 CPUs: 8 total, 8 available
 Memory: 8074M
 Large Page Support: Disabled
 NUMA Support: Disabled
 Compressed Oops: Enabled (32-bit)
 Heap Region Size: 1M
 Heap Min Capacity: 8M
 Heap Initial Capacity: 128M
 Heap Max Capacity: 2G
 Pre-touch: Disabled
 Parallel Workers: 8
 Concurrent Workers: 2
 Concurrent Refinement Workers: 8
 Periodic GC: Disabled
Heap:
 garbage-first heap   total 131072K, used 81982K [0x0000000080000000, 0x0000000100000000)
  region size 1024K, 3 young (3072K), 3 survivors (3072K)
 Metaspace       used 54513K, committed 55168K, reserved 1097728K
  class space    used 7506K, committed 7808K, reserved 1048576K
GC Heap History (20 events):
Event: 4.122 GC heap after
{Heap after GC invocations=3 (full 0):
 garbage-first heap   total 131072K, used 21004K [0x0000000080000000, 0x0000000100000000)
  region size 1024K, 10 young (10240K), 10 survivors (10240K)
 Metaspace       used 17436K, committed 17792K, reserved 1064960K
  class space    used 2562K, committed 2752K, reserved 1048576K
}
Event: 4.827 GC heap before
{Heap before GC invocations=3 (full 0):
 garbage-first heap   total 131072K, used 60940K [0x0000000080000000, 0x0000000100000000)
  region size 1024K, 39 young (39936K), 10 survivors (10240K)
 Metaspace       used 21114K, committed 21504K, reserved 1073152K
  class space    used 3153K, committed 3328K, reserved 1048576K
}
Event: 4.836 GC heap after
{Heap after GC invocations=4 (full 0):
 garbage-first heap   total 131072K, used 36800K [0x0000000080000000, 0x0000000100000000)
  region size 1024K, 5 young (5120K), 5 survivors (5120K)
 Metaspace       used 21114K, committed 21504K, reserved 1073152K
  class space    used 3153K, committed 3328K, reserved 1048576K
}
Event: 6.135 GC heap before
{Heap before GC invocations=5 (full 0):
 garbage-first heap   total 130048K, used 93120K [0x0000000080000000, 0x0000000100000000)
  region size 1024K, 61 young (62464K), 5 survivors (5120K)
 Metaspace       used 31249K, committed 31744K, reserved 1081344K
  class space    used 4456K, committed 4672K, reserved 1048576K
}
Event: 6.143 GC heap after
{Heap after GC invocations=6 (full 0):
 garbage-first heap   total 130048K, used 42852K [0x0000000080000000, 0x0000000100000000)
  region size 1024K, 6 young (6144K), 6 survivors (6144K)
 Metaspace       used 31249K, committed 31744K, reserved 1081344K
  class space    used 4456K, committed 4672K, reserved 1048576K
}
Event: 6.155 GC heap before
{Heap before GC invocations=6 (full 0):
 garbage-first heap   total 130048K, used 43876K [0x0000000080000000, 0x0000000100000000)
  region size 1024K, 7 young (7168K), 6 survivors (6144K)
 Metaspace       used 31265K, committed 31744K, reserved 1081344K
  class space    used 4456K, committed 4672K, reserved 1048576K
}
Event: 6.161 GC heap after
{Heap after GC invocations=7 (full 0):
 garbage-first heap   total 130048K, used 42571K [0x0000000080000000, 0x0000000100000000)
  region size 1024K, 1 young (1024K), 1 survivors (1024K)
 Metaspace       used 31265K, committed 31744K, reserved 1081344K
  class space    used 4456K, committed 4672K, reserved 1048576K
}
Event: 7.054 GC heap before
{Heap before GC invocations=7 (full 0):
 garbage-first heap   total 130048K, used 102987K [0x0000000080000000, 0x0000000100000000)
  region size 1024K, 52 young (53248K), 1 survivors (1024K)
 Metaspace       used 35663K, committed 36096K, reserved 1081344K
  class space    used 4985K, committed 5184K, reserved 1048576K
}
Event: 7.064 GC heap after
{Heap after GC invocations=8 (full 0):
 garbage-first heap   total 130048K, used 55565K [0x0000000080000000, 0x0000000100000000)
  region size 1024K, 7 young (7168K), 7 survivors (7168K)
 Metaspace       used 35663K, committed 36096K, reserved 1081344K
  class space    used 4985K, committed 5184K, reserved 1048576K
}
Event: 7.939 GC heap before
{Heap before GC invocations=9 (full 0):
 garbage-first heap   total 130048K, used 99597K [0x0000000080000000, 0x0000000100000000)
  region size 1024K, 50 young (51200K), 7 survivors (7168K)
 Metaspace       used 39515K, committed 40128K, reserved 1089536K
  class space    used 5458K, committed 5760K, reserved 1048576K
}
Event: 7.946 GC heap after
{Heap after GC invocations=10 (full 0):
 garbage-first heap   total 130048K, used 59007K [0x0000000080000000, 0x0000000100000000)
  region size 1024K, 4 young (4096K), 4 survivors (4096K)
 Metaspace       used 39515K, committed 40128K, reserved 1089536K
  class space    used 5458K, committed 5760K, reserved 1048576K
}
Event: 8.874 GC heap before
{Heap before GC invocations=10 (full 0):
 garbage-first heap   total 130048K, used 100991K [0x0000000080000000, 0x0000000100000000)
  region size 1024K, 45 young (46080K), 4 survivors (4096K)
 Metaspace       used 44276K, committed 44928K, reserved 1089536K
  class space    used 6238K, committed 6528K, reserved 1048576K
}
Event: 8.882 GC heap after
{Heap after GC invocations=11 (full 0):
 garbage-first heap   total 130048K, used 62007K [0x0000000080000000, 0x0000000100000000)
  region size 1024K, 3 young (3072K), 3 survivors (3072K)
 Metaspace       used 44276K, committed 44928K, reserved 1089536K
  class space    used 6238K, committed 6528K, reserved 1048576K
}
Event: 9.412 GC heap before
{Heap before GC invocations=11 (full 0):
 garbage-first heap   total 130048K, used 91703K [0x0000000080000000, 0x0000000100000000)
  region size 1024K, 34 young (34816K), 3 survivors (3072K)
 Metaspace       used 45095K, committed 45824K, reserved 1089536K
  class space    used 6306K, committed 6656K, reserved 1048576K
}
Event: 9.418 GC heap after
{Heap after GC invocations=12 (full 0):
 garbage-first heap   total 130048K, used 64275K [0x0000000080000000, 0x0000000100000000)
  region size 1024K, 6 young (6144K), 6 survivors (6144K)
 Metaspace       used 45095K, committed 45824K, reserved 1089536K
  class space    used 6306K, committed 6656K, reserved 1048576K
}
Event: 10.215 GC heap before
{Heap before GC invocations=13 (full 0):
 garbage-first heap   total 130048K, used 111379K [0x0000000080000000, 0x0000000100000000)
  region size 1024K, 44 young (45056K), 6 survivors (6144K)
 Metaspace       used 49238K, committed 49920K, reserved 1097728K
  class space    used 6825K, committed 7104K, reserved 1048576K
}
Event: 10.226 GC heap after
{Heap after GC invocations=14 (full 0):
 garbage-first heap   total 130048K, used 80191K [0x0000000080000000, 0x0000000100000000)
  region size 1024K, 6 young (6144K), 6 survivors (6144K)
 Metaspace       used 49238K, committed 49920K, reserved 1097728K
  class space    used 6825K, committed 7104K, reserved 1048576K
}
Event: 10.259 GC heap before
{Heap before GC invocations=14 (full 0):
 garbage-first heap   total 130048K, used 81215K [0x0000000080000000, 0x0000000100000000)
  region size 1024K, 7 young (7168K), 6 survivors (6144K)
 Metaspace       used 49448K, committed 50176K, reserved 1097728K
  class space    used 6845K, committed 7168K, reserved 1048576K
}
Event: 10.264 GC heap after
{Heap after GC invocations=15 (full 0):
 garbage-first heap   total 130048K, used 79998K [0x0000000080000000, 0x0000000100000000)
  region size 1024K, 1 young (1024K), 1 survivors (1024K)
 Metaspace       used 49448K, committed 50176K, reserved 1097728K
  class space    used 6845K, committed 7168K, reserved 1048576K
}
Event: 11.428 GC heap before
{Heap before GC invocations=15 (full 0):
 garbage-first heap   total 130048K, used 106622K [0x0000000080000000, 0x0000000100000000)
  region size 1024K, 28 young (28672K), 1 survivors (1024K)
 Metaspace       used 54513K, committed 55168K, reserved 1097728K
  class space    used 7506K, committed 7808K, reserved 1048576K
}

