# JRE version: Java(TM) SE Runtime Environment (17.0.6+9) (build 17.0.6+9-LTS-190)
# Java VM: Java HotSpot(TM) 64-Bit Server VM (17.0.6+9-LTS-190, mixed mode, sharing, tiered, compressed oops, compressed class ptrs, g1 gc, windows-amd64)
GC Precious Log:
 CPUs: 8 total, 8 available
 Memory: 8074M
 Large Page Support: Disabled
 NUMA Support: Disabled
 Compressed Oops: Enabled (32-bit)
 Heap Region Size: 1M
 Heap Min Capacity: 8M
 Heap Initial Capacity: 128M
 Heap Max Capacity: 2020M
 Pre-touch: Disabled
 Parallel Workers: 8
 Concurrent Workers: 2
 Concurrent Refinement Workers: 8
 Periodic GC: Disabled
Heap:
 garbage-first heap   total 131072K, used 68391K [0x0000000081c00000, 0x0000000100000000)
  region size 1024K, 6 young (6144K), 6 survivors (6144K)
 Metaspace       used 57012K, committed 57408K, reserved 1105920K
  class space    used 6724K, committed 6912K, reserved 1048576K
GC Heap History (20 events):
Event: 4.073 GC heap after
{Heap after GC invocations=10 (full 0):
 garbage-first heap   total 74752K, used 34553K [0x0000000081c00000, 0x0000000100000000)
  region size 1024K, 4 young (4096K), 4 survivors (4096K)
 Metaspace       used 39275K, committed 39488K, reserved 1089536K
  class space    used 4849K, committed 4928K, reserved 1048576K
}
Event: 4.231 GC heap before
{Heap before GC invocations=10 (full 0):
 garbage-first heap   total 74752K, used 57081K [0x0000000081c00000, 0x0000000100000000)
  region size 1024K, 26 young (26624K), 4 survivors (4096K)
 Metaspace       used 39770K, committed 40000K, reserved 1089536K
  class space    used 4907K, committed 4992K, reserved 1048576K
}
Event: 4.243 GC heap after
{Heap after GC invocations=11 (full 0):
 garbage-first heap   total 74752K, used 35992K [0x0000000081c00000, 0x0000000100000000)
  region size 1024K, 2 young (2048K), 2 survivors (2048K)
 Metaspace       used 39770K, committed 40000K, reserved 1089536K
  class space    used 4907K, committed 4992K, reserved 1048576K
}
Event: 4.720 GC heap before
{Heap before GC invocations=11 (full 0):
 garbage-first heap   total 74752K, used 56472K [0x0000000081c00000, 0x0000000100000000)
  region size 1024K, 23 young (23552K), 2 survivors (2048K)
 Metaspace       used 42918K, committed 43136K, reserved 1089536K
  class space    used 5240K, committed 5312K, reserved 1048576K
}
Event: 4.731 GC heap after
{Heap after GC invocations=12 (full 0):
 garbage-first heap   total 74752K, used 38762K [0x0000000081c00000, 0x0000000100000000)
  region size 1024K, 3 young (3072K), 3 survivors (3072K)
 Metaspace       used 42918K, committed 43136K, reserved 1089536K
  class space    used 5240K, committed 5312K, reserved 1048576K
}
Event: 5.334 GC heap before
{Heap before GC invocations=13 (full 0):
 garbage-first heap   total 74752K, used 58218K [0x0000000081c00000, 0x0000000100000000)
  region size 1024K, 22 young (22528K), 3 survivors (3072K)
 Metaspace       used 45818K, committed 46144K, reserved 1089536K
  class space    used 5538K, committed 5696K, reserved 1048576K
}
Event: 5.349 GC heap after
{Heap after GC invocations=14 (full 0):
 garbage-first heap   total 74752K, used 42789K [0x0000000081c00000, 0x0000000100000000)
  region size 1024K, 3 young (3072K), 3 survivors (3072K)
 Metaspace       used 45818K, committed 46144K, reserved 1089536K
  class space    used 5538K, committed 5696K, reserved 1048576K
}
Event: 5.828 GC heap before
{Heap before GC invocations=14 (full 0):
 garbage-first heap   total 74752K, used 58149K [0x0000000081c00000, 0x0000000100000000)
  region size 1024K, 18 young (18432K), 3 survivors (3072K)
 Metaspace       used 46921K, committed 47232K, reserved 1097728K
  class space    used 5597K, committed 5760K, reserved 1048576K
}
Event: 5.842 GC heap after
{Heap after GC invocations=15 (full 0):
 garbage-first heap   total 100352K, used 46245K [0x0000000081c00000, 0x0000000100000000)
  region size 1024K, 3 young (3072K), 3 survivors (3072K)
 Metaspace       used 46921K, committed 47232K, reserved 1097728K
  class space    used 5597K, committed 5760K, reserved 1048576K
}
Event: 6.499 GC heap before
{Heap before GC invocations=16 (full 0):
 garbage-first heap   total 100352K, used 74917K [0x0000000081c00000, 0x0000000100000000)
  region size 1024K, 31 young (31744K), 3 survivors (3072K)
 Metaspace       used 47308K, committed 47616K, reserved 1097728K
  class space    used 5614K, committed 5760K, reserved 1048576K
}
Event: 6.521 GC heap after
{Heap after GC invocations=17 (full 0):
 garbage-first heap   total 100352K, used 51050K [0x0000000081c00000, 0x0000000100000000)
  region size 1024K, 4 young (4096K), 4 survivors (4096K)
 Metaspace       used 47308K, committed 47616K, reserved 1097728K
  class space    used 5614K, committed 5760K, reserved 1048576K
}
Event: 6.837 GC heap before
{Heap before GC invocations=17 (full 0):
 garbage-first heap   total 100352K, used 76650K [0x0000000081c00000, 0x0000000100000000)
  region size 1024K, 29 young (29696K), 4 survivors (4096K)
 Metaspace       used 47605K, committed 47936K, reserved 1097728K
  class space    used 5638K, committed 5824K, reserved 1048576K
}
Event: 6.861 GC heap after
{Heap after GC invocations=18 (full 0):
 garbage-first heap   total 100352K, used 55222K [0x0000000081c00000, 0x0000000100000000)
  region size 1024K, 4 young (4096K), 4 survivors (4096K)
 Metaspace       used 47605K, committed 47936K, reserved 1097728K
  class space    used 5638K, committed 5824K, reserved 1048576K
}
Event: 6.949 GC heap before
{Heap before GC invocations=18 (full 0):
 garbage-first heap   total 126976K, used 77750K [0x0000000081c00000, 0x0000000100000000)
  region size 1024K, 26 young (26624K), 4 survivors (4096K)
 Metaspace       used 47616K, committed 47936K, reserved 1097728K
  class space    used 5638K, committed 5824K, reserved 1048576K
}
Event: 6.959 GC heap after
{Heap after GC invocations=19 (full 0):
 garbage-first heap   total 126976K, used 55627K [0x0000000081c00000, 0x0000000100000000)
  region size 1024K, 1 young (1024K), 1 survivors (1024K)
 Metaspace       used 47616K, committed 47936K, reserved 1097728K
  class space    used 5638K, committed 5824K, reserved 1048576K
}
Event: 7.349 GC heap before
{Heap before GC invocations=20 (full 0):
 garbage-first heap   total 126976K, used 95563K [0x0000000081c00000, 0x0000000100000000)
  region size 1024K, 40 young (40960K), 1 survivors (1024K)
 Metaspace       used 49303K, committed 49600K, reserved 1097728K
  class space    used 5862K, committed 6016K, reserved 1048576K
}
Event: 7.358 GC heap after
{Heap after GC invocations=21 (full 0):
 garbage-first heap   total 126976K, used 56299K [0x0000000081c00000, 0x0000000100000000)
  region size 1024K, 2 young (2048K), 2 survivors (2048K)
 Metaspace       used 49303K, committed 49600K, reserved 1097728K
  class space    used 5862K, committed 6016K, reserved 1048576K
}
Event: 9.225 GC heap before
{Heap before GC invocations=21 (full 0):
 garbage-first heap   total 126976K, used 100331K [0x0000000081c00000, 0x0000000100000000)
  region size 1024K, 45 young (46080K), 2 survivors (2048K)
 Metaspace       used 55000K, committed 55360K, reserved 1097728K
  class space    used 6606K, committed 6784K, reserved 1048576K
}
Event: 9.245 GC heap after
{Heap after GC invocations=22 (full 0):
 garbage-first heap   total 126976K, used 62267K [0x0000000081c00000, 0x0000000100000000)
  region size 1024K, 6 young (6144K), 6 survivors (6144K)
 Metaspace       used 55000K, committed 55360K, reserved 1097728K
  class space    used 6606K, committed 6784K, reserved 1048576K
}
Event: 10.307 GC heap before
{Heap before GC invocations=22 (full 0):
 garbage-first heap   total 126976K, used 101179K [0x0000000081c00000, 0x0000000100000000)
  region size 1024K, 43 young (44032K), 6 survivors (6144K)
 Metaspace       used 57012K, committed 57408K, reserved 1105920K
  class space    used 6724K, committed 6912K, reserved 1048576K
}

