# JRE version: Java(TM) SE Runtime Environment (17.0.6+9) (build 17.0.6+9-LTS-190)
# Java VM: Java HotSpot(TM) 64-Bit Server VM (17.0.6+9-LTS-190, mixed mode, sharing, tiered, compressed oops, compressed class ptrs, g1 gc, windows-amd64)
GC Precious Log:
 CPUs: 8 total, 8 available
 Memory: 8074M
 Large Page Support: Disabled
 NUMA Support: Disabled
 Compressed Oops: Enabled (32-bit)
 Heap Region Size: 1M
 Heap Min Capacity: 8M
 Heap Initial Capacity: 128M
 Heap Max Capacity: 2G
 Pre-touch: Disabled
 Parallel Workers: 8
 Concurrent Workers: 2
 Concurrent Refinement Workers: 8
 Periodic GC: Disabled
Heap:
 garbage-first heap   total 220160K, used 151114K [0x0000000080000000, 0x0000000100000000)
  region size 1024K, 31 young (31744K), 5 survivors (5120K)
 Metaspace       used 77731K, committed 78528K, reserved 1122304K
  class space    used 10810K, committed 11200K, reserved 1048576K
GC Heap History (20 events):
Event: 22.277 GC heap before
{Heap before GC invocations=21 (full 0):
 garbage-first heap   total 138240K, used 86639K [0x0000000080000000, 0x0000000100000000)
  region size 1024K, 6 young (6144K), 3 survivors (3072K)
 Metaspace       used 54641K, committed 55296K, reserved 1097728K
  class space    used 7531K, committed 7808K, reserved 1048576K
}
Event: 22.282 GC heap after
{Heap after GC invocations=22 (full 0):
 garbage-first heap   total 138240K, used 84429K [0x0000000080000000, 0x0000000100000000)
  region size 1024K, 1 young (1024K), 1 survivors (1024K)
 Metaspace       used 54641K, committed 55296K, reserved 1097728K
  class space    used 7531K, committed 7808K, reserved 1048576K
}
Event: 22.286 GC heap before
{Heap before GC invocations=22 (full 0):
 garbage-first heap   total 138240K, used 84429K [0x0000000080000000, 0x0000000100000000)
  region size 1024K, 2 young (2048K), 1 survivors (1024K)
 Metaspace       used 54641K, committed 55296K, reserved 1097728K
  class space    used 7531K, committed 7808K, reserved 1048576K
}
Event: 22.289 GC heap after
{Heap after GC invocations=23 (full 0):
 garbage-first heap   total 165888K, used 84973K [0x0000000080000000, 0x0000000100000000)
  region size 1024K, 2 young (2048K), 2 survivors (2048K)
 Metaspace       used 54641K, committed 55296K, reserved 1097728K
  class space    used 7531K, committed 7808K, reserved 1048576K
}
Event: 22.895 GC heap before
{Heap before GC invocations=24 (full 0):
 garbage-first heap   total 165888K, used 121837K [0x0000000080000000, 0x0000000100000000)
  region size 1024K, 33 young (33792K), 2 survivors (2048K)
 Metaspace       used 56944K, committed 57600K, reserved 1105920K
  class space    used 7833K, committed 8128K, reserved 1048576K
}
Event: 22.900 GC heap after
{Heap after GC invocations=25 (full 0):
 garbage-first heap   total 165888K, used 85431K [0x0000000080000000, 0x0000000100000000)
  region size 1024K, 3 young (3072K), 3 survivors (3072K)
 Metaspace       used 56944K, committed 57600K, reserved 1105920K
  class space    used 7833K, committed 8128K, reserved 1048576K
}
Event: 22.960 GC heap before
{Heap before GC invocations=25 (full 0):
 garbage-first heap   total 165888K, used 90551K [0x0000000080000000, 0x0000000100000000)
  region size 1024K, 8 young (8192K), 3 survivors (3072K)
 Metaspace       used 57177K, committed 57856K, reserved 1105920K
  class space    used 7858K, committed 8192K, reserved 1048576K
}
Event: 22.965 GC heap after
{Heap after GC invocations=26 (full 0):
 garbage-first heap   total 165888K, used 85731K [0x0000000080000000, 0x0000000100000000)
  region size 1024K, 1 young (1024K), 1 survivors (1024K)
 Metaspace       used 57177K, committed 57856K, reserved 1105920K
  class space    used 7858K, committed 8192K, reserved 1048576K
}
Event: 23.578 GC heap before
{Heap before GC invocations=26 (full 0):
 garbage-first heap   total 165888K, used 121571K [0x0000000080000000, 0x0000000100000000)
  region size 1024K, 35 young (35840K), 1 survivors (1024K)
 Metaspace       used 60792K, committed 61504K, reserved 1105920K
  class space    used 8322K, committed 8640K, reserved 1048576K
}
Event: 23.582 GC heap after
{Heap after GC invocations=27 (full 0):
 garbage-first heap   total 165888K, used 87253K [0x0000000080000000, 0x0000000100000000)
  region size 1024K, 3 young (3072K), 3 survivors (3072K)
 Metaspace       used 60792K, committed 61504K, reserved 1105920K
  class space    used 8322K, committed 8640K, reserved 1048576K
}
Event: 24.222 GC heap before
{Heap before GC invocations=28 (full 0):
 garbage-first heap   total 165888K, used 124117K [0x0000000080000000, 0x0000000100000000)
  region size 1024K, 39 young (39936K), 3 survivors (3072K)
 Metaspace       used 65298K, committed 66048K, reserved 1114112K
  class space    used 8902K, committed 9280K, reserved 1048576K
}
Event: 24.226 GC heap after
{Heap after GC invocations=29 (full 0):
 garbage-first heap   total 165888K, used 89629K [0x0000000080000000, 0x0000000100000000)
  region size 1024K, 5 young (5120K), 5 survivors (5120K)
 Metaspace       used 65298K, committed 66048K, reserved 1114112K
  class space    used 8902K, committed 9280K, reserved 1048576K
}
Event: 24.264 GC heap before
{Heap before GC invocations=29 (full 0):
 garbage-first heap   total 165888K, used 92701K [0x0000000080000000, 0x0000000100000000)
  region size 1024K, 8 young (8192K), 5 survivors (5120K)
 Metaspace       used 65736K, committed 66432K, reserved 1114112K
  class space    used 8951K, committed 9280K, reserved 1048576K
}
Event: 24.269 GC heap after
{Heap after GC invocations=30 (full 0):
 garbage-first heap   total 165888K, used 89819K [0x0000000080000000, 0x0000000100000000)
  region size 1024K, 1 young (1024K), 1 survivors (1024K)
 Metaspace       used 65736K, committed 66432K, reserved 1114112K
  class space    used 8951K, committed 9280K, reserved 1048576K
}
Event: 24.893 GC heap before
{Heap before GC invocations=30 (full 0):
 garbage-first heap   total 165888K, used 126683K [0x0000000080000000, 0x0000000100000000)
  region size 1024K, 38 young (38912K), 1 survivors (1024K)
 Metaspace       used 68110K, committed 68928K, reserved 1114112K
  class space    used 9280K, committed 9664K, reserved 1048576K
}
Event: 24.899 GC heap after
{Heap after GC invocations=31 (full 0):
 garbage-first heap   total 165888K, used 92101K [0x0000000080000000, 0x0000000100000000)
  region size 1024K, 3 young (3072K), 3 survivors (3072K)
 Metaspace       used 68110K, committed 68928K, reserved 1114112K
  class space    used 9280K, committed 9664K, reserved 1048576K
}
Event: 25.689 GC heap before
{Heap before GC invocations=31 (full 0):
 garbage-first heap   total 165888K, used 131013K [0x0000000080000000, 0x0000000100000000)
  region size 1024K, 41 young (41984K), 3 survivors (3072K)
 Metaspace       used 72580K, committed 73344K, reserved 1114112K
  class space    used 10079K, committed 10432K, reserved 1048576K
}
Event: 25.694 GC heap after
{Heap after GC invocations=32 (full 0):
 garbage-first heap   total 165888K, used 94687K [0x0000000080000000, 0x0000000100000000)
  region size 1024K, 6 young (6144K), 6 survivors (6144K)
 Metaspace       used 72580K, committed 73344K, reserved 1114112K
  class space    used 10079K, committed 10432K, reserved 1048576K
}
Event: 26.109 GC heap before
{Heap before GC invocations=32 (full 0):
 garbage-first heap   total 165888K, used 114143K [0x0000000080000000, 0x0000000100000000)
  region size 1024K, 26 young (26624K), 6 survivors (6144K)
 Metaspace       used 74890K, committed 75648K, reserved 1114112K
  class space    used 10388K, committed 10752K, reserved 1048576K
}
Event: 26.118 GC heap after
{Heap after GC invocations=33 (full 0):
 garbage-first heap   total 165888K, used 96842K [0x0000000080000000, 0x0000000100000000)
  region size 1024K, 5 young (5120K), 5 survivors (5120K)
 Metaspace       used 74890K, committed 75648K, reserved 1114112K
  class space    used 10388K, committed 10752K, reserved 1048576K
}

